<?xml version="1.0" encoding="UTF-8"?>
<!-- Generated by org.testng.reporters.JUnitXMLReporter -->
<testsuite ignored="0" hostname="RAIAANs-Air.fios-router.home" failures="0" tests="2" name="Complete test run" time="4.55" errors="0" timestamp="2020-07-26T18:03:40 EDT">
  <testcase classname="io.cucumber.testng.AbstractTestNGCucumberTests" name="runScenario" time="2.439"/>
  <testcase classname="io.cucumber.testng.AbstractTestNGCucumberTests" name="runScenario" time="1.718"/>
</testsuite> <!-- Complete test run -->
