<?xml version="1.0" encoding="UTF-8"?>
<testng-results ignored="0" total="2" passed="2" failed="0" skipped="0">
  <reporter-output>
  </reporter-output>
  <suite started-at="2020-07-26T18:03:35 EDT" name="Suite" finished-at="2020-07-26T18:03:40 EDT" duration-ms="4550">
    <groups>
      <group name="cucumber">
        <method signature="AbstractTestNGCucumberTests.runScenario(io.cucumber.testng.PickleWrapper, io.cucumber.testng.FeatureWrapper)[pri:0, instance:runner.TestRunner@3f200884]" name="runScenario" class="io.cucumber.testng.AbstractTestNGCucumberTests"/>
      </group> <!-- cucumber -->
    </groups>
    <test started-at="2020-07-26T18:03:35 EDT" name="Complete test run" finished-at="2020-07-26T18:03:40 EDT" duration-ms="4550">
      <class name="runner.TestRunner">
        <test-method is-config="true" signature="setUpClass()[pri:0, instance:runner.TestRunner@3f200884]" started-at="2020-07-26T18:03:35 EDT" name="setUpClass" finished-at="2020-07-26T18:03:36 EDT" duration-ms="162" status="PASS">
          <reporter-output>
          </reporter-output>
        </test-method> <!-- setUpClass -->
        <test-method signature="runScenario(io.cucumber.testng.PickleWrapper, io.cucumber.testng.FeatureWrapper)[pri:0, instance:runner.TestRunner@3f200884]" started-at="2020-07-26T18:03:36 EDT" name="runScenario" description="Runs Cucumber Scenarios" data-provider="scenarios" finished-at="2020-07-26T18:03:38 EDT" duration-ms="2439" status="PASS">
          <params>
            <param index="0">
              <value>
                <![CDATA["Login with correct username and password"]]>
              </value>
            </param>
            <param index="1">
              <value>
                <![CDATA["LoginFeature"]]>
              </value>
            </param>
          </params>
          <reporter-output>
          </reporter-output>
        </test-method> <!-- runScenario -->
        <test-method signature="runScenario(io.cucumber.testng.PickleWrapper, io.cucumber.testng.FeatureWrapper)[pri:0, instance:runner.TestRunner@3f200884]" started-at="2020-07-26T18:03:38 EDT" name="runScenario" description="Runs Cucumber Scenarios" data-provider="scenarios" finished-at="2020-07-26T18:03:40 EDT" duration-ms="1718" status="PASS">
          <params>
            <param index="0">
              <value>
                <![CDATA["Login with correct username and password to fail"]]>
              </value>
            </param>
            <param index="1">
              <value>
                <![CDATA["LoginFeature"]]>
              </value>
            </param>
          </params>
          <reporter-output>
          </reporter-output>
        </test-method> <!-- runScenario -->
        <test-method is-config="true" signature="tearDownClass()[pri:0, instance:runner.TestRunner@3f200884]" started-at="2020-07-26T18:03:40 EDT" name="tearDownClass" finished-at="2020-07-26T18:03:40 EDT" duration-ms="75" status="PASS">
          <reporter-output>
          </reporter-output>
        </test-method> <!-- tearDownClass -->
      </class> <!-- runner.TestRunner -->
    </test> <!-- Complete test run -->
  </suite> <!-- Suite -->
</testng-results>
